#-----------------------------------------------------------
# Vivado v2020.2 (64-bit)
# SW Build 3064766 on Wed Nov 18 09:12:45 MST 2020
# IP Build 3064653 on Wed Nov 18 14:17:31 MST 2020
# Start of session at: Wed Feb 24 13:12:29 2021
# Process ID: 13596
# Current directory: C:/Users/Aegus/OneDrive/Desktop/Cecs341/lab3ALU
# Command line: vivado.exe -gui_launcher_event rodinguilauncherevent5008 C:\Users\Aegus\OneDrive\Desktop\Cecs341\lab3ALU\lab3ALU.xpr
# Log file: C:/Users/Aegus/OneDrive/Desktop/Cecs341/lab3ALU/vivado.log
# Journal file: C:/Users/Aegus/OneDrive/Desktop/Cecs341/lab3ALU\vivado.jou
#-----------------------------------------------------------sstart_guioopen_project C:/Users/Aegus/OneDrive/Desktop/Cecs341/lab3ALU/lab3ALU.xpr
WARNING: [filemgmt 56-3] Default IP Output Path : Could not find the directory 'C:/Users/Aegus/OneDrive/Desktop/Cecs341/lab3ALU/lab3ALU.gen/sources_1'.
Scanning sources...
Finished scanning sources
INFO: [IP_Flow 19-234] Refreshing IP repositories
INFO: [IP_Flow 19-1704] No user IP repositories specified
INFO: [Common 17-41] Interrupt caught. Command should exit soon.
INFO: [IP_Flow 19-231update_compile_order -fileset sources_1
exit
INFO: [Common 17-206] Exiting Vivado at Wed Feb 24 13:13:52 2021...
o the IP catalog. Reverting the catalog back to its previous state.
INFO: [IP_Flow 19-2340] The IP catalog has been returned to its previous state.
INFO: [Common 17-344] 'open_project' was cancelled
exit
INFO: [Common 17-206] Exiting Vivado at Wed Feb 24 13:13:55 2021...
