Vivado Simulator 2020.2
Time resolution is 1 ps

Enter Header Here

time = 3.0 ns A = 0000 B = 0000 add_sub = 0 || cout = 0 S = 0000 overflow = 0
time = 6.0 ns A = 0000 B = 0001 add_sub = 0 || cout = 0 S = 0001 overflow = 0
time = 9.0 ns A = 0000 B = 0010 add_sub = 0 || cout = 0 S = 0010 overflow = 0
time = 12.0 ns A = 0000 B = 0011 add_sub = 0 || cout = 0 S = 0011 overflow = 0
time = 15.0 ns A = 0000 B = 0100 add_sub = 0 || cout = 0 S = 0100 overflow = 0
time = 18.0 ns A = 0000 B = 0101 add_sub = 0 || cout = 0 S = 0101 overflow = 0
time = 21.0 ns A = 0000 B = 0110 add_sub = 0 || cout = 0 S = 0110 overflow = 0
time = 24.0 ns A = 0000 B = 0111 add_sub = 0 || cout = 0 S = 0111 overflow = 0
time = 27.0 ns A = 0000 B = 1000 add_sub = 0 || cout = 0 S = 1000 overflow = 0
time = 30.0 ns A = 0000 B = 1001 add_sub = 0 || cout = 0 S = 1001 overflow = 0
time = 33.0 ns A = 0000 B = 1010 add_sub = 0 || cout = 0 S = 1010 overflow = 0
time = 36.0 ns A = 0000 B = 1011 add_sub = 0 || cout = 0 S = 1011 overflow = 0
time = 39.0 ns A = 0000 B = 1100 add_sub = 0 || cout = 0 S = 1100 overflow = 0
time = 42.0 ns A = 0000 B = 1101 add_sub = 0 || cout = 0 S = 1101 overflow = 0
time = 45.0 ns A = 0000 B = 1110 add_sub = 0 || cout = 0 S = 1110 overflow = 0
time = 48.0 ns A = 0000 B = 1111 add_sub = 0 || cout = 0 S = 1111 overflow = 0
time = 51.0 ns A = 0001 B = 0000 add_sub = 0 || cout = 0 S = 0001 overflow = 0
time = 54.0 ns A = 0001 B = 0001 add_sub = 0 || cout = 0 S = 0010 overflow = 0
time = 57.0 ns A = 0001 B = 0010 add_sub = 0 || cout = 0 S = 0011 overflow = 0
time = 60.0 ns A = 0001 B = 0011 add_sub = 0 || cout = 0 S = 0100 overflow = 0
time = 63.0 ns A = 0001 B = 0100 add_sub = 0 || cout = 0 S = 0101 overflow = 0
time = 66.0 ns A = 0001 B = 0101 add_sub = 0 || cout = 0 S = 0110 overflow = 0
time = 69.0 ns A = 0001 B = 0110 add_sub = 0 || cout = 0 S = 0111 overflow = 0
time = 72.0 ns A = 0001 B = 0111 add_sub = 0 || cout = 0 S = 1000 overflow = 1
time = 75.0 ns A = 0001 B = 1000 add_sub = 0 || cout = 0 S = 1001 overflow = 0
time = 78.0 ns A = 0001 B = 1001 add_sub = 0 || cout = 0 S = 1010 overflow = 0
time = 81.0 ns A = 0001 B = 1010 add_sub = 0 || cout = 0 S = 1011 overflow = 0
time = 84.0 ns A = 0001 B = 1011 add_sub = 0 || cout = 0 S = 1100 overflow = 0
time = 87.0 ns A = 0001 B = 1100 add_sub = 0 || cout = 0 S = 1101 overflow = 0
time = 90.0 ns A = 0001 B = 1101 add_sub = 0 || cout = 0 S = 1110 overflow = 0
time = 93.0 ns A = 0001 B = 1110 add_sub = 0 || cout = 0 S = 1111 overflow = 0
time = 96.0 ns A = 0001 B = 1111 add_sub = 0 || cout = 1 S = 0000 overflow = 0
time = 99.0 ns A = 0010 B = 0000 add_sub = 0 || cout = 0 S = 0010 overflow = 0
time = 102.0 ns A = 0010 B = 0001 add_sub = 0 || cout = 0 S = 0011 overflow = 0
time = 105.0 ns A = 0010 B = 0010 add_sub = 0 || cout = 0 S = 0100 overflow = 0
time = 108.0 ns A = 0010 B = 0011 add_sub = 0 || cout = 0 S = 0101 overflow = 0
time = 111.0 ns A = 0010 B = 0100 add_sub = 0 || cout = 0 S = 0110 overflow = 0
time = 114.0 ns A = 0010 B = 0101 add_sub = 0 || cout = 0 S = 0111 overflow = 0
time = 117.0 ns A = 0010 B = 0110 add_sub = 0 || cout = 0 S = 1000 overflow = 1
time = 120.0 ns A = 0010 B = 0111 add_sub = 0 || cout = 0 S = 1001 overflow = 1
time = 123.0 ns A = 0010 B = 1000 add_sub = 0 || cout = 0 S = 1010 overflow = 0
time = 126.0 ns A = 0010 B = 1001 add_sub = 0 || cout = 0 S = 1011 overflow = 0
time = 129.0 ns A = 0010 B = 1010 add_sub = 0 || cout = 0 S = 1100 overflow = 0
time = 132.0 ns A = 0010 B = 1011 add_sub = 0 || cout = 0 S = 1101 overflow = 0
time = 135.0 ns A = 0010 B = 1100 add_sub = 0 || cout = 0 S = 1110 overflow = 0
time = 138.0 ns A = 0010 B = 1101 add_sub = 0 || cout = 0 S = 1111 overflow = 0
time = 141.0 ns A = 0010 B = 1110 add_sub = 0 || cout = 1 S = 0000 overflow = 0
time = 144.0 ns A = 0010 B = 1111 add_sub = 0 || cout = 1 S = 0001 overflow = 0
time = 147.0 ns A = 0011 B = 0000 add_sub = 0 || cout = 0 S = 0011 overflow = 0
time = 150.0 ns A = 0011 B = 0001 add_sub = 0 || cout = 0 S = 0100 overflow = 0
time = 153.0 ns A = 0011 B = 0010 add_sub = 0 || cout = 0 S = 0101 overflow = 0
time = 156.0 ns A = 0011 B = 0011 add_sub = 0 || cout = 0 S = 0110 overflow = 0
time = 159.0 ns A = 0011 B = 0100 add_sub = 0 || cout = 0 S = 0111 overflow = 0
time = 162.0 ns A = 0011 B = 0101 add_sub = 0 || cout = 0 S = 1000 overflow = 1
time = 165.0 ns A = 0011 B = 0110 add_sub = 0 || cout = 0 S = 1001 overflow = 1
time = 168.0 ns A = 0011 B = 0111 add_sub = 0 || cout = 0 S = 1010 overflow = 1
time = 171.0 ns A = 0011 B = 1000 add_sub = 0 || cout = 0 S = 1011 overflow = 0
time = 174.0 ns A = 0011 B = 1001 add_sub = 0 || cout = 0 S = 1100 overflow = 0
time = 177.0 ns A = 0011 B = 1010 add_sub = 0 || cout = 0 S = 1101 overflow = 0
time = 180.0 ns A = 0011 B = 1011 add_sub = 0 || cout = 0 S = 1110 overflow = 0
time = 183.0 ns A = 0011 B = 1100 add_sub = 0 || cout = 0 S = 1111 overflow = 0
time = 186.0 ns A = 0011 B = 1101 add_sub = 0 || cout = 1 S = 0000 overflow = 0
time = 189.0 ns A = 0011 B = 1110 add_sub = 0 || cout = 1 S = 0001 overflow = 0
time = 192.0 ns A = 0011 B = 1111 add_sub = 0 || cout = 1 S = 0010 overflow = 0
time = 195.0 ns A = 0100 B = 0000 add_sub = 0 || cout = 0 S = 0100 overflow = 0
time = 198.0 ns A = 0100 B = 0001 add_sub = 0 || cout = 0 S = 0101 overflow = 0
time = 201.0 ns A = 0100 B = 0010 add_sub = 0 || cout = 0 S = 0110 overflow = 0
time = 204.0 ns A = 0100 B = 0011 add_sub = 0 || cout = 0 S = 0111 overflow = 0
time = 207.0 ns A = 0100 B = 0100 add_sub = 0 || cout = 0 S = 1000 overflow = 1
time = 210.0 ns A = 0100 B = 0101 add_sub = 0 || cout = 0 S = 1001 overflow = 1
time = 213.0 ns A = 0100 B = 0110 add_sub = 0 || cout = 0 S = 1010 overflow = 1
time = 216.0 ns A = 0100 B = 0111 add_sub = 0 || cout = 0 S = 1011 overflow = 1
time = 219.0 ns A = 0100 B = 1000 add_sub = 0 || cout = 0 S = 1100 overflow = 0
time = 222.0 ns A = 0100 B = 1001 add_sub = 0 || cout = 0 S = 1101 overflow = 0
time = 225.0 ns A = 0100 B = 1010 add_sub = 0 || cout = 0 S = 1110 overflow = 0
time = 228.0 ns A = 0100 B = 1011 add_sub = 0 || cout = 0 S = 1111 overflow = 0
time = 231.0 ns A = 0100 B = 1100 add_sub = 0 || cout = 1 S = 0000 overflow = 0
time = 234.0 ns A = 0100 B = 1101 add_sub = 0 || cout = 1 S = 0001 overflow = 0
time = 237.0 ns A = 0100 B = 1110 add_sub = 0 || cout = 1 S = 0010 overflow = 0
time = 240.0 ns A = 0100 B = 1111 add_sub = 0 || cout = 1 S = 0011 overflow = 0
time = 243.0 ns A = 0101 B = 0000 add_sub = 0 || cout = 0 S = 0101 overflow = 0
time = 246.0 ns A = 0101 B = 0001 add_sub = 0 || cout = 0 S = 0110 overflow = 0
time = 249.0 ns A = 0101 B = 0010 add_sub = 0 || cout = 0 S = 0111 overflow = 0
time = 252.0 ns A = 0101 B = 0011 add_sub = 0 || cout = 0 S = 1000 overflow = 1
time = 255.0 ns A = 0101 B = 0100 add_sub = 0 || cout = 0 S = 1001 overflow = 1
time = 258.0 ns A = 0101 B = 0101 add_sub = 0 || cout = 0 S = 1010 overflow = 1
time = 261.0 ns A = 0101 B = 0110 add_sub = 0 || cout = 0 S = 1011 overflow = 1
time = 264.0 ns A = 0101 B = 0111 add_sub = 0 || cout = 0 S = 1100 overflow = 1
time = 267.0 ns A = 0101 B = 1000 add_sub = 0 || cout = 0 S = 1101 overflow = 0
time = 270.0 ns A = 0101 B = 1001 add_sub = 0 || cout = 0 S = 1110 overflow = 0
time = 273.0 ns A = 0101 B = 1010 add_sub = 0 || cout = 0 S = 1111 overflow = 0
time = 276.0 ns A = 0101 B = 1011 add_sub = 0 || cout = 1 S = 0000 overflow = 0
time = 279.0 ns A = 0101 B = 1100 add_sub = 0 || cout = 1 S = 0001 overflow = 0
time = 282.0 ns A = 0101 B = 1101 add_sub = 0 || cout = 1 S = 0010 overflow = 0
time = 285.0 ns A = 0101 B = 1110 add_sub = 0 || cout = 1 S = 0011 overflow = 0
time = 288.0 ns A = 0101 B = 1111 add_sub = 0 || cout = 1 S = 0100 overflow = 0
time = 291.0 ns A = 0110 B = 0000 add_sub = 0 || cout = 0 S = 0110 overflow = 0
time = 294.0 ns A = 0110 B = 0001 add_sub = 0 || cout = 0 S = 0111 overflow = 0
time = 297.0 ns A = 0110 B = 0010 add_sub = 0 || cout = 0 S = 1000 overflow = 1
time = 300.0 ns A = 0110 B = 0011 add_sub = 0 || cout = 0 S = 1001 overflow = 1
time = 303.0 ns A = 0110 B = 0100 add_sub = 0 || cout = 0 S = 1010 overflow = 1
time = 306.0 ns A = 0110 B = 0101 add_sub = 0 || cout = 0 S = 1011 overflow = 1
time = 309.0 ns A = 0110 B = 0110 add_sub = 0 || cout = 0 S = 1100 overflow = 1
time = 312.0 ns A = 0110 B = 0111 add_sub = 0 || cout = 0 S = 1101 overflow = 1
time = 315.0 ns A = 0110 B = 1000 add_sub = 0 || cout = 0 S = 1110 overflow = 0
time = 318.0 ns A = 0110 B = 1001 add_sub = 0 || cout = 0 S = 1111 overflow = 0
time = 321.0 ns A = 0110 B = 1010 add_sub = 0 || cout = 1 S = 0000 overflow = 0
time = 324.0 ns A = 0110 B = 1011 add_sub = 0 || cout = 1 S = 0001 overflow = 0
time = 327.0 ns A = 0110 B = 1100 add_sub = 0 || cout = 1 S = 0010 overflow = 0
time = 330.0 ns A = 0110 B = 1101 add_sub = 0 || cout = 1 S = 0011 overflow = 0
time = 333.0 ns A = 0110 B = 1110 add_sub = 0 || cout = 1 S = 0100 overflow = 0
time = 336.0 ns A = 0110 B = 1111 add_sub = 0 || cout = 1 S = 0101 overflow = 0
time = 339.0 ns A = 0111 B = 0000 add_sub = 0 || cout = 0 S = 0111 overflow = 0
time = 342.0 ns A = 0111 B = 0001 add_sub = 0 || cout = 0 S = 1000 overflow = 1
time = 345.0 ns A = 0111 B = 0010 add_sub = 0 || cout = 0 S = 1001 overflow = 1
time = 348.0 ns A = 0111 B = 0011 add_sub = 0 || cout = 0 S = 1010 overflow = 1
time = 351.0 ns A = 0111 B = 0100 add_sub = 0 || cout = 0 S = 1011 overflow = 1
time = 354.0 ns A = 0111 B = 0101 add_sub = 0 || cout = 0 S = 1100 overflow = 1
time = 357.0 ns A = 0111 B = 0110 add_sub = 0 || cout = 0 S = 1101 overflow = 1
time = 360.0 ns A = 0111 B = 0111 add_sub = 0 || cout = 0 S = 1110 overflow = 1
time = 363.0 ns A = 0111 B = 1000 add_sub = 0 || cout = 0 S = 1111 overflow = 0
time = 366.0 ns A = 0111 B = 1001 add_sub = 0 || cout = 1 S = 0000 overflow = 0
time = 369.0 ns A = 0111 B = 1010 add_sub = 0 || cout = 1 S = 0001 overflow = 0
time = 372.0 ns A = 0111 B = 1011 add_sub = 0 || cout = 1 S = 0010 overflow = 0
time = 375.0 ns A = 0111 B = 1100 add_sub = 0 || cout = 1 S = 0011 overflow = 0
time = 378.0 ns A = 0111 B = 1101 add_sub = 0 || cout = 1 S = 0100 overflow = 0
time = 381.0 ns A = 0111 B = 1110 add_sub = 0 || cout = 1 S = 0101 overflow = 0
time = 384.0 ns A = 0111 B = 1111 add_sub = 0 || cout = 1 S = 0110 overflow = 0
time = 387.0 ns A = 1000 B = 0000 add_sub = 0 || cout = 0 S = 1000 overflow = 0
time = 390.0 ns A = 1000 B = 0001 add_sub = 0 || cout = 0 S = 1001 overflow = 0
time = 393.0 ns A = 1000 B = 0010 add_sub = 0 || cout = 0 S = 1010 overflow = 0
time = 396.0 ns A = 1000 B = 0011 add_sub = 0 || cout = 0 S = 1011 overflow = 0
time = 399.0 ns A = 1000 B = 0100 add_sub = 0 || cout = 0 S = 1100 overflow = 0
time = 402.0 ns A = 1000 B = 0101 add_sub = 0 || cout = 0 S = 1101 overflow = 0
time = 405.0 ns A = 1000 B = 0110 add_sub = 0 || cout = 0 S = 1110 overflow = 0
time = 408.0 ns A = 1000 B = 0111 add_sub = 0 || cout = 0 S = 1111 overflow = 0
time = 411.0 ns A = 1000 B = 1000 add_sub = 0 || cout = 1 S = 0000 overflow = 1
time = 414.0 ns A = 1000 B = 1001 add_sub = 0 || cout = 1 S = 0001 overflow = 1
time = 417.0 ns A = 1000 B = 1010 add_sub = 0 || cout = 1 S = 0010 overflow = 1
time = 420.0 ns A = 1000 B = 1011 add_sub = 0 || cout = 1 S = 0011 overflow = 1
time = 423.0 ns A = 1000 B = 1100 add_sub = 0 || cout = 1 S = 0100 overflow = 1
time = 426.0 ns A = 1000 B = 1101 add_sub = 0 || cout = 1 S = 0101 overflow = 1
time = 429.0 ns A = 1000 B = 1110 add_sub = 0 || cout = 1 S = 0110 overflow = 1
time = 432.0 ns A = 1000 B = 1111 add_sub = 0 || cout = 1 S = 0111 overflow = 1
time = 435.0 ns A = 1001 B = 0000 add_sub = 0 || cout = 0 S = 1001 overflow = 0
time = 438.0 ns A = 1001 B = 0001 add_sub = 0 || cout = 0 S = 1010 overflow = 0
time = 441.0 ns A = 1001 B = 0010 add_sub = 0 || cout = 0 S = 1011 overflow = 0
time = 444.0 ns A = 1001 B = 0011 add_sub = 0 || cout = 0 S = 1100 overflow = 0
time = 447.0 ns A = 1001 B = 0100 add_sub = 0 || cout = 0 S = 1101 overflow = 0
time = 450.0 ns A = 1001 B = 0101 add_sub = 0 || cout = 0 S = 1110 overflow = 0
time = 453.0 ns A = 1001 B = 0110 add_sub = 0 || cout = 0 S = 1111 overflow = 0
time = 456.0 ns A = 1001 B = 0111 add_sub = 0 || cout = 1 S = 0000 overflow = 0
time = 459.0 ns A = 1001 B = 1000 add_sub = 0 || cout = 1 S = 0001 overflow = 1
time = 462.0 ns A = 1001 B = 1001 add_sub = 0 || cout = 1 S = 0010 overflow = 1
time = 465.0 ns A = 1001 B = 1010 add_sub = 0 || cout = 1 S = 0011 overflow = 1
time = 468.0 ns A = 1001 B = 1011 add_sub = 0 || cout = 1 S = 0100 overflow = 1
time = 471.0 ns A = 1001 B = 1100 add_sub = 0 || cout = 1 S = 0101 overflow = 1
time = 474.0 ns A = 1001 B = 1101 add_sub = 0 || cout = 1 S = 0110 overflow = 1
time = 477.0 ns A = 1001 B = 1110 add_sub = 0 || cout = 1 S = 0111 overflow = 1
time = 480.0 ns A = 1001 B = 1111 add_sub = 0 || cout = 1 S = 1000 overflow = 0
time = 483.0 ns A = 1010 B = 0000 add_sub = 0 || cout = 0 S = 1010 overflow = 0
time = 486.0 ns A = 1010 B = 0001 add_sub = 0 || cout = 0 S = 1011 overflow = 0
time = 489.0 ns A = 1010 B = 0010 add_sub = 0 || cout = 0 S = 1100 overflow = 0
time = 492.0 ns A = 1010 B = 0011 add_sub = 0 || cout = 0 S = 1101 overflow = 0
time = 495.0 ns A = 1010 B = 0100 add_sub = 0 || cout = 0 S = 1110 overflow = 0
time = 498.0 ns A = 1010 B = 0101 add_sub = 0 || cout = 0 S = 1111 overflow = 0
time = 501.0 ns A = 1010 B = 0110 add_sub = 0 || cout = 1 S = 0000 overflow = 0
time = 504.0 ns A = 1010 B = 0111 add_sub = 0 || cout = 1 S = 0001 overflow = 0
time = 507.0 ns A = 1010 B = 1000 add_sub = 0 || cout = 1 S = 0010 overflow = 1
time = 510.0 ns A = 1010 B = 1001 add_sub = 0 || cout = 1 S = 0011 overflow = 1
time = 513.0 ns A = 1010 B = 1010 add_sub = 0 || cout = 1 S = 0100 overflow = 1
time = 516.0 ns A = 1010 B = 1011 add_sub = 0 || cout = 1 S = 0101 overflow = 1
time = 519.0 ns A = 1010 B = 1100 add_sub = 0 || cout = 1 S = 0110 overflow = 1
time = 522.0 ns A = 1010 B = 1101 add_sub = 0 || cout = 1 S = 0111 overflow = 1
time = 525.0 ns A = 1010 B = 1110 add_sub = 0 || cout = 1 S = 1000 overflow = 0
time = 528.0 ns A = 1010 B = 1111 add_sub = 0 || cout = 1 S = 1001 overflow = 0
time = 531.0 ns A = 1011 B = 0000 add_sub = 0 || cout = 0 S = 1011 overflow = 0
time = 534.0 ns A = 1011 B = 0001 add_sub = 0 || cout = 0 S = 1100 overflow = 0
time = 537.0 ns A = 1011 B = 0010 add_sub = 0 || cout = 0 S = 1101 overflow = 0
time = 540.0 ns A = 1011 B = 0011 add_sub = 0 || cout = 0 S = 1110 overflow = 0
time = 543.0 ns A = 1011 B = 0100 add_sub = 0 || cout = 0 S = 1111 overflow = 0
time = 546.0 ns A = 1011 B = 0101 add_sub = 0 || cout = 1 S = 0000 overflow = 0
time = 549.0 ns A = 1011 B = 0110 add_sub = 0 || cout = 1 S = 0001 overflow = 0
time = 552.0 ns A = 1011 B = 0111 add_sub = 0 || cout = 1 S = 0010 overflow = 0
time = 555.0 ns A = 1011 B = 1000 add_sub = 0 || cout = 1 S = 0011 overflow = 1
time = 558.0 ns A = 1011 B = 1001 add_sub = 0 || cout = 1 S = 0100 overflow = 1
time = 561.0 ns A = 1011 B = 1010 add_sub = 0 || cout = 1 S = 0101 overflow = 1
time = 564.0 ns A = 1011 B = 1011 add_sub = 0 || cout = 1 S = 0110 overflow = 1
time = 567.0 ns A = 1011 B = 1100 add_sub = 0 || cout = 1 S = 0111 overflow = 1
time = 570.0 ns A = 1011 B = 1101 add_sub = 0 || cout = 1 S = 1000 overflow = 0
time = 573.0 ns A = 1011 B = 1110 add_sub = 0 || cout = 1 S = 1001 overflow = 0
time = 576.0 ns A = 1011 B = 1111 add_sub = 0 || cout = 1 S = 1010 overflow = 0
time = 579.0 ns A = 1100 B = 0000 add_sub = 0 || cout = 0 S = 1100 overflow = 0
time = 582.0 ns A = 1100 B = 0001 add_sub = 0 || cout = 0 S = 1101 overflow = 0
time = 585.0 ns A = 1100 B = 0010 add_sub = 0 || cout = 0 S = 1110 overflow = 0
time = 588.0 ns A = 1100 B = 0011 add_sub = 0 || cout = 0 S = 1111 overflow = 0
time = 591.0 ns A = 1100 B = 0100 add_sub = 0 || cout = 1 S = 0000 overflow = 0
time = 594.0 ns A = 1100 B = 0101 add_sub = 0 || cout = 1 S = 0001 overflow = 0
time = 597.0 ns A = 1100 B = 0110 add_sub = 0 || cout = 1 S = 0010 overflow = 0
time = 600.0 ns A = 1100 B = 0111 add_sub = 0 || cout = 1 S = 0011 overflow = 0
time = 603.0 ns A = 1100 B = 1000 add_sub = 0 || cout = 1 S = 0100 overflow = 1
time = 606.0 ns A = 1100 B = 1001 add_sub = 0 || cout = 1 S = 0101 overflow = 1
time = 609.0 ns A = 1100 B = 1010 add_sub = 0 || cout = 1 S = 0110 overflow = 1
time = 612.0 ns A = 1100 B = 1011 add_sub = 0 || cout = 1 S = 0111 overflow = 1
time = 615.0 ns A = 1100 B = 1100 add_sub = 0 || cout = 1 S = 1000 overflow = 0
time = 618.0 ns A = 1100 B = 1101 add_sub = 0 || cout = 1 S = 1001 overflow = 0
time = 621.0 ns A = 1100 B = 1110 add_sub = 0 || cout = 1 S = 1010 overflow = 0
time = 624.0 ns A = 1100 B = 1111 add_sub = 0 || cout = 1 S = 1011 overflow = 0
time = 627.0 ns A = 1101 B = 0000 add_sub = 0 || cout = 0 S = 1101 overflow = 0
time = 630.0 ns A = 1101 B = 0001 add_sub = 0 || cout = 0 S = 1110 overflow = 0
time = 633.0 ns A = 1101 B = 0010 add_sub = 0 || cout = 0 S = 1111 overflow = 0
time = 636.0 ns A = 1101 B = 0011 add_sub = 0 || cout = 1 S = 0000 overflow = 0
time = 639.0 ns A = 1101 B = 0100 add_sub = 0 || cout = 1 S = 0001 overflow = 0
time = 642.0 ns A = 1101 B = 0101 add_sub = 0 || cout = 1 S = 0010 overflow = 0
time = 645.0 ns A = 1101 B = 0110 add_sub = 0 || cout = 1 S = 0011 overflow = 0
time = 648.0 ns A = 1101 B = 0111 add_sub = 0 || cout = 1 S = 0100 overflow = 0
time = 651.0 ns A = 1101 B = 1000 add_sub = 0 || cout = 1 S = 0101 overflow = 1
time = 654.0 ns A = 1101 B = 1001 add_sub = 0 || cout = 1 S = 0110 overflow = 1
time = 657.0 ns A = 1101 B = 1010 add_sub = 0 || cout = 1 S = 0111 overflow = 1
time = 660.0 ns A = 1101 B = 1011 add_sub = 0 || cout = 1 S = 1000 overflow = 0
time = 663.0 ns A = 1101 B = 1100 add_sub = 0 || cout = 1 S = 1001 overflow = 0
time = 666.0 ns A = 1101 B = 1101 add_sub = 0 || cout = 1 S = 1010 overflow = 0
time = 669.0 ns A = 1101 B = 1110 add_sub = 0 || cout = 1 S = 1011 overflow = 0
time = 672.0 ns A = 1101 B = 1111 add_sub = 0 || cout = 1 S = 1100 overflow = 0
time = 675.0 ns A = 1110 B = 0000 add_sub = 0 || cout = 0 S = 1110 overflow = 0
time = 678.0 ns A = 1110 B = 0001 add_sub = 0 || cout = 0 S = 1111 overflow = 0
time = 681.0 ns A = 1110 B = 0010 add_sub = 0 || cout = 1 S = 0000 overflow = 0
time = 684.0 ns A = 1110 B = 0011 add_sub = 0 || cout = 1 S = 0001 overflow = 0
time = 687.0 ns A = 1110 B = 0100 add_sub = 0 || cout = 1 S = 0010 overflow = 0
time = 690.0 ns A = 1110 B = 0101 add_sub = 0 || cout = 1 S = 0011 overflow = 0
time = 693.0 ns A = 1110 B = 0110 add_sub = 0 || cout = 1 S = 0100 overflow = 0
time = 696.0 ns A = 1110 B = 0111 add_sub = 0 || cout = 1 S = 0101 overflow = 0
time = 699.0 ns A = 1110 B = 1000 add_sub = 0 || cout = 1 S = 0110 overflow = 1
time = 702.0 ns A = 1110 B = 1001 add_sub = 0 || cout = 1 S = 0111 overflow = 1
time = 705.0 ns A = 1110 B = 1010 add_sub = 0 || cout = 1 S = 1000 overflow = 0
time = 708.0 ns A = 1110 B = 1011 add_sub = 0 || cout = 1 S = 1001 overflow = 0
time = 711.0 ns A = 1110 B = 1100 add_sub = 0 || cout = 1 S = 1010 overflow = 0
time = 714.0 ns A = 1110 B = 1101 add_sub = 0 || cout = 1 S = 1011 overflow = 0
time = 717.0 ns A = 1110 B = 1110 add_sub = 0 || cout = 1 S = 1100 overflow = 0
time = 720.0 ns A = 1110 B = 1111 add_sub = 0 || cout = 1 S = 1101 overflow = 0
time = 723.0 ns A = 1111 B = 0000 add_sub = 0 || cout = 0 S = 1111 overflow = 0
time = 726.0 ns A = 1111 B = 0001 add_sub = 0 || cout = 1 S = 0000 overflow = 0
time = 729.0 ns A = 1111 B = 0010 add_sub = 0 || cout = 1 S = 0001 overflow = 0
time = 732.0 ns A = 1111 B = 0011 add_sub = 0 || cout = 1 S = 0010 overflow = 0
time = 735.0 ns A = 1111 B = 0100 add_sub = 0 || cout = 1 S = 0011 overflow = 0
time = 738.0 ns A = 1111 B = 0101 add_sub = 0 || cout = 1 S = 0100 overflow = 0
time = 741.0 ns A = 1111 B = 0110 add_sub = 0 || cout = 1 S = 0101 overflow = 0
time = 744.0 ns A = 1111 B = 0111 add_sub = 0 || cout = 1 S = 0110 overflow = 0
time = 747.0 ns A = 1111 B = 1000 add_sub = 0 || cout = 1 S = 0111 overflow = 1
time = 750.0 ns A = 1111 B = 1001 add_sub = 0 || cout = 1 S = 1000 overflow = 0
time = 753.0 ns A = 1111 B = 1010 add_sub = 0 || cout = 1 S = 1001 overflow = 0
time = 756.0 ns A = 1111 B = 1011 add_sub = 0 || cout = 1 S = 1010 overflow = 0
time = 759.0 ns A = 1111 B = 1100 add_sub = 0 || cout = 1 S = 1011 overflow = 0
time = 762.0 ns A = 1111 B = 1101 add_sub = 0 || cout = 1 S = 1100 overflow = 0
time = 765.0 ns A = 1111 B = 1110 add_sub = 0 || cout = 1 S = 1101 overflow = 0
time = 768.0 ns A = 1111 B = 1111 add_sub = 0 || cout = 1 S = 1110 overflow = 0
time = 771.0 ns A = 0000 B = 0000 add_sub = 1 || cout = 0 S = 0001 overflow = 0
time = 774.0 ns A = 0000 B = 0001 add_sub = 1 || cout = 0 S = 0010 overflow = 0
time = 777.0 ns A = 0000 B = 0010 add_sub = 1 || cout = 0 S = 0011 overflow = 0
time = 780.0 ns A = 0000 B = 0011 add_sub = 1 || cout = 0 S = 0100 overflow = 0
time = 783.0 ns A = 0000 B = 0100 add_sub = 1 || cout = 0 S = 0101 overflow = 0
time = 786.0 ns A = 0000 B = 0101 add_sub = 1 || cout = 0 S = 0110 overflow = 0
time = 789.0 ns A = 0000 B = 0110 add_sub = 1 || cout = 0 S = 0111 overflow = 0
time = 792.0 ns A = 0000 B = 0111 add_sub = 1 || cout = 0 S = 1000 overflow = 1
time = 795.0 ns A = 0000 B = 1000 add_sub = 1 || cout = 0 S = 1001 overflow = 0
time = 798.0 ns A = 0000 B = 1001 add_sub = 1 || cout = 0 S = 1010 overflow = 0
time = 801.0 ns A = 0000 B = 1010 add_sub = 1 || cout = 0 S = 1011 overflow = 0
time = 804.0 ns A = 0000 B = 1011 add_sub = 1 || cout = 0 S = 1100 overflow = 0
time = 807.0 ns A = 0000 B = 1100 add_sub = 1 || cout = 0 S = 1101 overflow = 0
time = 810.0 ns A = 0000 B = 1101 add_sub = 1 || cout = 0 S = 1110 overflow = 0
time = 813.0 ns A = 0000 B = 1110 add_sub = 1 || cout = 0 S = 1111 overflow = 0
time = 816.0 ns A = 0000 B = 1111 add_sub = 1 || cout = 1 S = 0000 overflow = 0
time = 819.0 ns A = 0001 B = 0000 add_sub = 1 || cout = 0 S = 0010 overflow = 0
time = 822.0 ns A = 0001 B = 0001 add_sub = 1 || cout = 0 S = 0011 overflow = 0
time = 825.0 ns A = 0001 B = 0010 add_sub = 1 || cout = 0 S = 0100 overflow = 0
time = 828.0 ns A = 0001 B = 0011 add_sub = 1 || cout = 0 S = 0101 overflow = 0
time = 831.0 ns A = 0001 B = 0100 add_sub = 1 || cout = 0 S = 0110 overflow = 0
time = 834.0 ns A = 0001 B = 0101 add_sub = 1 || cout = 0 S = 0111 overflow = 0
time = 837.0 ns A = 0001 B = 0110 add_sub = 1 || cout = 0 S = 1000 overflow = 1
time = 840.0 ns A = 0001 B = 0111 add_sub = 1 || cout = 0 S = 1001 overflow = 1
time = 843.0 ns A = 0001 B = 1000 add_sub = 1 || cout = 0 S = 1010 overflow = 0
time = 846.0 ns A = 0001 B = 1001 add_sub = 1 || cout = 0 S = 1011 overflow = 0
time = 849.0 ns A = 0001 B = 1010 add_sub = 1 || cout = 0 S = 1100 overflow = 0
time = 852.0 ns A = 0001 B = 1011 add_sub = 1 || cout = 0 S = 1101 overflow = 0
time = 855.0 ns A = 0001 B = 1100 add_sub = 1 || cout = 0 S = 1110 overflow = 0
time = 858.0 ns A = 0001 B = 1101 add_sub = 1 || cout = 0 S = 1111 overflow = 0
time = 861.0 ns A = 0001 B = 1110 add_sub = 1 || cout = 1 S = 0000 overflow = 0
time = 864.0 ns A = 0001 B = 1111 add_sub = 1 || cout = 1 S = 0001 overflow = 0
time = 867.0 ns A = 0010 B = 0000 add_sub = 1 || cout = 0 S = 0011 overflow = 0
time = 870.0 ns A = 0010 B = 0001 add_sub = 1 || cout = 0 S = 0100 overflow = 0
time = 873.0 ns A = 0010 B = 0010 add_sub = 1 || cout = 0 S = 0101 overflow = 0
time = 876.0 ns A = 0010 B = 0011 add_sub = 1 || cout = 0 S = 0110 overflow = 0
time = 879.0 ns A = 0010 B = 0100 add_sub = 1 || cout = 0 S = 0111 overflow = 0
time = 882.0 ns A = 0010 B = 0101 add_sub = 1 || cout = 0 S = 1000 overflow = 1
time = 885.0 ns A = 0010 B = 0110 add_sub = 1 || cout = 0 S = 1001 overflow = 1
time = 888.0 ns A = 0010 B = 0111 add_sub = 1 || cout = 0 S = 1010 overflow = 1
time = 891.0 ns A = 0010 B = 1000 add_sub = 1 || cout = 0 S = 1011 overflow = 0
time = 894.0 ns A = 0010 B = 1001 add_sub = 1 || cout = 0 S = 1100 overflow = 0
time = 897.0 ns A = 0010 B = 1010 add_sub = 1 || cout = 0 S = 1101 overflow = 0
time = 900.0 ns A = 0010 B = 1011 add_sub = 1 || cout = 0 S = 1110 overflow = 0
time = 903.0 ns A = 0010 B = 1100 add_sub = 1 || cout = 0 S = 1111 overflow = 0
time = 906.0 ns A = 0010 B = 1101 add_sub = 1 || cout = 1 S = 0000 overflow = 0
time = 909.0 ns A = 0010 B = 1110 add_sub = 1 || cout = 1 S = 0001 overflow = 0
time = 912.0 ns A = 0010 B = 1111 add_sub = 1 || cout = 1 S = 0010 overflow = 0
time = 915.0 ns A = 0011 B = 0000 add_sub = 1 || cout = 0 S = 0100 overflow = 0
time = 918.0 ns A = 0011 B = 0001 add_sub = 1 || cout = 0 S = 0101 overflow = 0
time = 921.0 ns A = 0011 B = 0010 add_sub = 1 || cout = 0 S = 0110 overflow = 0
time = 924.0 ns A = 0011 B = 0011 add_sub = 1 || cout = 0 S = 0111 overflow = 0
time = 927.0 ns A = 0011 B = 0100 add_sub = 1 || cout = 0 S = 1000 overflow = 1
time = 930.0 ns A = 0011 B = 0101 add_sub = 1 || cout = 0 S = 1001 overflow = 1
time = 933.0 ns A = 0011 B = 0110 add_sub = 1 || cout = 0 S = 1010 overflow = 1
time = 936.0 ns A = 0011 B = 0111 add_sub = 1 || cout = 0 S = 1011 overflow = 1
time = 939.0 ns A = 0011 B = 1000 add_sub = 1 || cout = 0 S = 1100 overflow = 0
time = 942.0 ns A = 0011 B = 1001 add_sub = 1 || cout = 0 S = 1101 overflow = 0
time = 945.0 ns A = 0011 B = 1010 add_sub = 1 || cout = 0 S = 1110 overflow = 0
time = 948.0 ns A = 0011 B = 1011 add_sub = 1 || cout = 0 S = 1111 overflow = 0
time = 951.0 ns A = 0011 B = 1100 add_sub = 1 || cout = 1 S = 0000 overflow = 0
time = 954.0 ns A = 0011 B = 1101 add_sub = 1 || cout = 1 S = 0001 overflow = 0
time = 957.0 ns A = 0011 B = 1110 add_sub = 1 || cout = 1 S = 0010 overflow = 0
time = 960.0 ns A = 0011 B = 1111 add_sub = 1 || cout = 1 S = 0011 overflow = 0
time = 963.0 ns A = 0100 B = 0000 add_sub = 1 || cout = 0 S = 0101 overflow = 0
time = 966.0 ns A = 0100 B = 0001 add_sub = 1 || cout = 0 S = 0110 overflow = 0
time = 969.0 ns A = 0100 B = 0010 add_sub = 1 || cout = 0 S = 0111 overflow = 0
time = 972.0 ns A = 0100 B = 0011 add_sub = 1 || cout = 0 S = 1000 overflow = 1
time = 975.0 ns A = 0100 B = 0100 add_sub = 1 || cout = 0 S = 1001 overflow = 1
time = 978.0 ns A = 0100 B = 0101 add_sub = 1 || cout = 0 S = 1010 overflow = 1
time = 981.0 ns A = 0100 B = 0110 add_sub = 1 || cout = 0 S = 1011 overflow = 1
time = 984.0 ns A = 0100 B = 0111 add_sub = 1 || cout = 0 S = 1100 overflow = 1
time = 987.0 ns A = 0100 B = 1000 add_sub = 1 || cout = 0 S = 1101 overflow = 0
time = 990.0 ns A = 0100 B = 1001 add_sub = 1 || cout = 0 S = 1110 overflow = 0
time = 993.0 ns A = 0100 B = 1010 add_sub = 1 || cout = 0 S = 1111 overflow = 0
time = 996.0 ns A = 0100 B = 1011 add_sub = 1 || cout = 1 S = 0000 overflow = 0
time = 999.0 ns A = 0100 B = 1100 add_sub = 1 || cout = 1 S = 0001 overflow = 0
time = 1002.0 ns A = 0100 B = 1101 add_sub = 1 || cout = 1 S = 0010 overflow = 0
time = 1005.0 ns A = 0100 B = 1110 add_sub = 1 || cout = 1 S = 0011 overflow = 0
time = 1008.0 ns A = 0100 B = 1111 add_sub = 1 || cout = 1 S = 0100 overflow = 0
time = 1011.0 ns A = 0101 B = 0000 add_sub = 1 || cout = 0 S = 0110 overflow = 0
time = 1014.0 ns A = 0101 B = 0001 add_sub = 1 || cout = 0 S = 0111 overflow = 0
time = 1017.0 ns A = 0101 B = 0010 add_sub = 1 || cout = 0 S = 1000 overflow = 1
time = 1020.0 ns A = 0101 B = 0011 add_sub = 1 || cout = 0 S = 1001 overflow = 1
time = 1023.0 ns A = 0101 B = 0100 add_sub = 1 || cout = 0 S = 1010 overflow = 1
time = 1026.0 ns A = 0101 B = 0101 add_sub = 1 || cout = 0 S = 1011 overflow = 1
time = 1029.0 ns A = 0101 B = 0110 add_sub = 1 || cout = 0 S = 1100 overflow = 1
time = 1032.0 ns A = 0101 B = 0111 add_sub = 1 || cout = 0 S = 1101 overflow = 1
time = 1035.0 ns A = 0101 B = 1000 add_sub = 1 || cout = 0 S = 1110 overflow = 0
time = 1038.0 ns A = 0101 B = 1001 add_sub = 1 || cout = 0 S = 1111 overflow = 0
time = 1041.0 ns A = 0101 B = 1010 add_sub = 1 || cout = 1 S = 0000 overflow = 0
time = 1044.0 ns A = 0101 B = 1011 add_sub = 1 || cout = 1 S = 0001 overflow = 0
time = 1047.0 ns A = 0101 B = 1100 add_sub = 1 || cout = 1 S = 0010 overflow = 0
time = 1050.0 ns A = 0101 B = 1101 add_sub = 1 || cout = 1 S = 0011 overflow = 0
time = 1053.0 ns A = 0101 B = 1110 add_sub = 1 || cout = 1 S = 0100 overflow = 0
time = 1056.0 ns A = 0101 B = 1111 add_sub = 1 || cout = 1 S = 0101 overflow = 0
time = 1059.0 ns A = 0110 B = 0000 add_sub = 1 || cout = 0 S = 0111 overflow = 0
time = 1062.0 ns A = 0110 B = 0001 add_sub = 1 || cout = 0 S = 1000 overflow = 1
time = 1065.0 ns A = 0110 B = 0010 add_sub = 1 || cout = 0 S = 1001 overflow = 1
time = 1068.0 ns A = 0110 B = 0011 add_sub = 1 || cout = 0 S = 1010 overflow = 1
time = 1071.0 ns A = 0110 B = 0100 add_sub = 1 || cout = 0 S = 1011 overflow = 1
time = 1074.0 ns A = 0110 B = 0101 add_sub = 1 || cout = 0 S = 1100 overflow = 1
time = 1077.0 ns A = 0110 B = 0110 add_sub = 1 || cout = 0 S = 1101 overflow = 1
time = 1080.0 ns A = 0110 B = 0111 add_sub = 1 || cout = 0 S = 1110 overflow = 1
time = 1083.0 ns A = 0110 B = 1000 add_sub = 1 || cout = 0 S = 1111 overflow = 0
time = 1086.0 ns A = 0110 B = 1001 add_sub = 1 || cout = 1 S = 0000 overflow = 0
time = 1089.0 ns A = 0110 B = 1010 add_sub = 1 || cout = 1 S = 0001 overflow = 0
time = 1092.0 ns A = 0110 B = 1011 add_sub = 1 || cout = 1 S = 0010 overflow = 0
time = 1095.0 ns A = 0110 B = 1100 add_sub = 1 || cout = 1 S = 0011 overflow = 0
time = 1098.0 ns A = 0110 B = 1101 add_sub = 1 || cout = 1 S = 0100 overflow = 0
time = 1101.0 ns A = 0110 B = 1110 add_sub = 1 || cout = 1 S = 0101 overflow = 0
time = 1104.0 ns A = 0110 B = 1111 add_sub = 1 || cout = 1 S = 0110 overflow = 0
time = 1107.0 ns A = 0111 B = 0000 add_sub = 1 || cout = 0 S = 1000 overflow = 1
time = 1110.0 ns A = 0111 B = 0001 add_sub = 1 || cout = 0 S = 1001 overflow = 1
time = 1113.0 ns A = 0111 B = 0010 add_sub = 1 || cout = 0 S = 1010 overflow = 1
time = 1116.0 ns A = 0111 B = 0011 add_sub = 1 || cout = 0 S = 1011 overflow = 1
time = 1119.0 ns A = 0111 B = 0100 add_sub = 1 || cout = 0 S = 1100 overflow = 1
time = 1122.0 ns A = 0111 B = 0101 add_sub = 1 || cout = 0 S = 1101 overflow = 1
time = 1125.0 ns A = 0111 B = 0110 add_sub = 1 || cout = 0 S = 1110 overflow = 1
time = 1128.0 ns A = 0111 B = 0111 add_sub = 1 || cout = 0 S = 1111 overflow = 1
time = 1131.0 ns A = 0111 B = 1000 add_sub = 1 || cout = 1 S = 0000 overflow = 0
time = 1134.0 ns A = 0111 B = 1001 add_sub = 1 || cout = 1 S = 0001 overflow = 0
time = 1137.0 ns A = 0111 B = 1010 add_sub = 1 || cout = 1 S = 0010 overflow = 0
time = 1140.0 ns A = 0111 B = 1011 add_sub = 1 || cout = 1 S = 0011 overflow = 0
time = 1143.0 ns A = 0111 B = 1100 add_sub = 1 || cout = 1 S = 0100 overflow = 0
time = 1146.0 ns A = 0111 B = 1101 add_sub = 1 || cout = 1 S = 0101 overflow = 0
time = 1149.0 ns A = 0111 B = 1110 add_sub = 1 || cout = 1 S = 0110 overflow = 0
time = 1152.0 ns A = 0111 B = 1111 add_sub = 1 || cout = 1 S = 0111 overflow = 0
time = 1155.0 ns A = 1000 B = 0000 add_sub = 1 || cout = 0 S = 1001 overflow = 0
time = 1158.0 ns A = 1000 B = 0001 add_sub = 1 || cout = 0 S = 1010 overflow = 0
time = 1161.0 ns A = 1000 B = 0010 add_sub = 1 || cout = 0 S = 1011 overflow = 0
time = 1164.0 ns A = 1000 B = 0011 add_sub = 1 || cout = 0 S = 1100 overflow = 0
time = 1167.0 ns A = 1000 B = 0100 add_sub = 1 || cout = 0 S = 1101 overflow = 0
time = 1170.0 ns A = 1000 B = 0101 add_sub = 1 || cout = 0 S = 1110 overflow = 0
time = 1173.0 ns A = 1000 B = 0110 add_sub = 1 || cout = 0 S = 1111 overflow = 0
time = 1176.0 ns A = 1000 B = 0111 add_sub = 1 || cout = 1 S = 0000 overflow = 0
time = 1179.0 ns A = 1000 B = 1000 add_sub = 1 || cout = 1 S = 0001 overflow = 1
time = 1182.0 ns A = 1000 B = 1001 add_sub = 1 || cout = 1 S = 0010 overflow = 1
time = 1185.0 ns A = 1000 B = 1010 add_sub = 1 || cout = 1 S = 0011 overflow = 1
time = 1188.0 ns A = 1000 B = 1011 add_sub = 1 || cout = 1 S = 0100 overflow = 1
time = 1191.0 ns A = 1000 B = 1100 add_sub = 1 || cout = 1 S = 0101 overflow = 1
time = 1194.0 ns A = 1000 B = 1101 add_sub = 1 || cout = 1 S = 0110 overflow = 1
time = 1197.0 ns A = 1000 B = 1110 add_sub = 1 || cout = 1 S = 0111 overflow = 1
time = 1200.0 ns A = 1000 B = 1111 add_sub = 1 || cout = 1 S = 1000 overflow = 0
time = 1203.0 ns A = 1001 B = 0000 add_sub = 1 || cout = 0 S = 1010 overflow = 0
time = 1206.0 ns A = 1001 B = 0001 add_sub = 1 || cout = 0 S = 1011 overflow = 0
time = 1209.0 ns A = 1001 B = 0010 add_sub = 1 || cout = 0 S = 1100 overflow = 0
time = 1212.0 ns A = 1001 B = 0011 add_sub = 1 || cout = 0 S = 1101 overflow = 0
time = 1215.0 ns A = 1001 B = 0100 add_sub = 1 || cout = 0 S = 1110 overflow = 0
time = 1218.0 ns A = 1001 B = 0101 add_sub = 1 || cout = 0 S = 1111 overflow = 0
time = 1221.0 ns A = 1001 B = 0110 add_sub = 1 || cout = 1 S = 0000 overflow = 0
time = 1224.0 ns A = 1001 B = 0111 add_sub = 1 || cout = 1 S = 0001 overflow = 0
time = 1227.0 ns A = 1001 B = 1000 add_sub = 1 || cout = 1 S = 0010 overflow = 1
time = 1230.0 ns A = 1001 B = 1001 add_sub = 1 || cout = 1 S = 0011 overflow = 1
time = 1233.0 ns A = 1001 B = 1010 add_sub = 1 || cout = 1 S = 0100 overflow = 1
time = 1236.0 ns A = 1001 B = 1011 add_sub = 1 || cout = 1 S = 0101 overflow = 1
time = 1239.0 ns A = 1001 B = 1100 add_sub = 1 || cout = 1 S = 0110 overflow = 1
time = 1242.0 ns A = 1001 B = 1101 add_sub = 1 || cout = 1 S = 0111 overflow = 1
time = 1245.0 ns A = 1001 B = 1110 add_sub = 1 || cout = 1 S = 1000 overflow = 0
time = 1248.0 ns A = 1001 B = 1111 add_sub = 1 || cout = 1 S = 1001 overflow = 0
time = 1251.0 ns A = 1010 B = 0000 add_sub = 1 || cout = 0 S = 1011 overflow = 0
time = 1254.0 ns A = 1010 B = 0001 add_sub = 1 || cout = 0 S = 1100 overflow = 0
time = 1257.0 ns A = 1010 B = 0010 add_sub = 1 || cout = 0 S = 1101 overflow = 0
time = 1260.0 ns A = 1010 B = 0011 add_sub = 1 || cout = 0 S = 1110 overflow = 0
time = 1263.0 ns A = 1010 B = 0100 add_sub = 1 || cout = 0 S = 1111 overflow = 0
time = 1266.0 ns A = 1010 B = 0101 add_sub = 1 || cout = 1 S = 0000 overflow = 0
time = 1269.0 ns A = 1010 B = 0110 add_sub = 1 || cout = 1 S = 0001 overflow = 0
time = 1272.0 ns A = 1010 B = 0111 add_sub = 1 || cout = 1 S = 0010 overflow = 0
time = 1275.0 ns A = 1010 B = 1000 add_sub = 1 || cout = 1 S = 0011 overflow = 1
time = 1278.0 ns A = 1010 B = 1001 add_sub = 1 || cout = 1 S = 0100 overflow = 1
time = 1281.0 ns A = 1010 B = 1010 add_sub = 1 || cout = 1 S = 0101 overflow = 1
time = 1284.0 ns A = 1010 B = 1011 add_sub = 1 || cout = 1 S = 0110 overflow = 1
time = 1287.0 ns A = 1010 B = 1100 add_sub = 1 || cout = 1 S = 0111 overflow = 1
time = 1290.0 ns A = 1010 B = 1101 add_sub = 1 || cout = 1 S = 1000 overflow = 0
time = 1293.0 ns A = 1010 B = 1110 add_sub = 1 || cout = 1 S = 1001 overflow = 0
time = 1296.0 ns A = 1010 B = 1111 add_sub = 1 || cout = 1 S = 1010 overflow = 0
time = 1299.0 ns A = 1011 B = 0000 add_sub = 1 || cout = 0 S = 1100 overflow = 0
time = 1302.0 ns A = 1011 B = 0001 add_sub = 1 || cout = 0 S = 1101 overflow = 0
time = 1305.0 ns A = 1011 B = 0010 add_sub = 1 || cout = 0 S = 1110 overflow = 0
time = 1308.0 ns A = 1011 B = 0011 add_sub = 1 || cout = 0 S = 1111 overflow = 0
time = 1311.0 ns A = 1011 B = 0100 add_sub = 1 || cout = 1 S = 0000 overflow = 0
time = 1314.0 ns A = 1011 B = 0101 add_sub = 1 || cout = 1 S = 0001 overflow = 0
time = 1317.0 ns A = 1011 B = 0110 add_sub = 1 || cout = 1 S = 0010 overflow = 0
time = 1320.0 ns A = 1011 B = 0111 add_sub = 1 || cout = 1 S = 0011 overflow = 0
time = 1323.0 ns A = 1011 B = 1000 add_sub = 1 || cout = 1 S = 0100 overflow = 1
time = 1326.0 ns A = 1011 B = 1001 add_sub = 1 || cout = 1 S = 0101 overflow = 1
time = 1329.0 ns A = 1011 B = 1010 add_sub = 1 || cout = 1 S = 0110 overflow = 1
time = 1332.0 ns A = 1011 B = 1011 add_sub = 1 || cout = 1 S = 0111 overflow = 1
time = 1335.0 ns A = 1011 B = 1100 add_sub = 1 || cout = 1 S = 1000 overflow = 0
time = 1338.0 ns A = 1011 B = 1101 add_sub = 1 || cout = 1 S = 1001 overflow = 0
time = 1341.0 ns A = 1011 B = 1110 add_sub = 1 || cout = 1 S = 1010 overflow = 0
time = 1344.0 ns A = 1011 B = 1111 add_sub = 1 || cout = 1 S = 1011 overflow = 0
time = 1347.0 ns A = 1100 B = 0000 add_sub = 1 || cout = 0 S = 1101 overflow = 0
time = 1350.0 ns A = 1100 B = 0001 add_sub = 1 || cout = 0 S = 1110 overflow = 0
time = 1353.0 ns A = 1100 B = 0010 add_sub = 1 || cout = 0 S = 1111 overflow = 0
time = 1356.0 ns A = 1100 B = 0011 add_sub = 1 || cout = 1 S = 0000 overflow = 0
time = 1359.0 ns A = 1100 B = 0100 add_sub = 1 || cout = 1 S = 0001 overflow = 0
time = 1362.0 ns A = 1100 B = 0101 add_sub = 1 || cout = 1 S = 0010 overflow = 0
time = 1365.0 ns A = 1100 B = 0110 add_sub = 1 || cout = 1 S = 0011 overflow = 0
time = 1368.0 ns A = 1100 B = 0111 add_sub = 1 || cout = 1 S = 0100 overflow = 0
time = 1371.0 ns A = 1100 B = 1000 add_sub = 1 || cout = 1 S = 0101 overflow = 1
time = 1374.0 ns A = 1100 B = 1001 add_sub = 1 || cout = 1 S = 0110 overflow = 1
time = 1377.0 ns A = 1100 B = 1010 add_sub = 1 || cout = 1 S = 0111 overflow = 1
time = 1380.0 ns A = 1100 B = 1011 add_sub = 1 || cout = 1 S = 1000 overflow = 0
time = 1383.0 ns A = 1100 B = 1100 add_sub = 1 || cout = 1 S = 1001 overflow = 0
time = 1386.0 ns A = 1100 B = 1101 add_sub = 1 || cout = 1 S = 1010 overflow = 0
time = 1389.0 ns A = 1100 B = 1110 add_sub = 1 || cout = 1 S = 1011 overflow = 0
time = 1392.0 ns A = 1100 B = 1111 add_sub = 1 || cout = 1 S = 1100 overflow = 0
time = 1395.0 ns A = 1101 B = 0000 add_sub = 1 || cout = 0 S = 1110 overflow = 0
time = 1398.0 ns A = 1101 B = 0001 add_sub = 1 || cout = 0 S = 1111 overflow = 0
time = 1401.0 ns A = 1101 B = 0010 add_sub = 1 || cout = 1 S = 0000 overflow = 0
time = 1404.0 ns A = 1101 B = 0011 add_sub = 1 || cout = 1 S = 0001 overflow = 0
time = 1407.0 ns A = 1101 B = 0100 add_sub = 1 || cout = 1 S = 0010 overflow = 0
time = 1410.0 ns A = 1101 B = 0101 add_sub = 1 || cout = 1 S = 0011 overflow = 0
time = 1413.0 ns A = 1101 B = 0110 add_sub = 1 || cout = 1 S = 0100 overflow = 0
time = 1416.0 ns A = 1101 B = 0111 add_sub = 1 || cout = 1 S = 0101 overflow = 0
time = 1419.0 ns A = 1101 B = 1000 add_sub = 1 || cout = 1 S = 0110 overflow = 1
time = 1422.0 ns A = 1101 B = 1001 add_sub = 1 || cout = 1 S = 0111 overflow = 1
time = 1425.0 ns A = 1101 B = 1010 add_sub = 1 || cout = 1 S = 1000 overflow = 0
time = 1428.0 ns A = 1101 B = 1011 add_sub = 1 || cout = 1 S = 1001 overflow = 0
time = 1431.0 ns A = 1101 B = 1100 add_sub = 1 || cout = 1 S = 1010 overflow = 0
time = 1434.0 ns A = 1101 B = 1101 add_sub = 1 || cout = 1 S = 1011 overflow = 0
time = 1437.0 ns A = 1101 B = 1110 add_sub = 1 || cout = 1 S = 1100 overflow = 0
time = 1440.0 ns A = 1101 B = 1111 add_sub = 1 || cout = 1 S = 1101 overflow = 0
time = 1443.0 ns A = 1110 B = 0000 add_sub = 1 || cout = 0 S = 1111 overflow = 0
time = 1446.0 ns A = 1110 B = 0001 add_sub = 1 || cout = 1 S = 0000 overflow = 0
time = 1449.0 ns A = 1110 B = 0010 add_sub = 1 || cout = 1 S = 0001 overflow = 0
time = 1452.0 ns A = 1110 B = 0011 add_sub = 1 || cout = 1 S = 0010 overflow = 0
time = 1455.0 ns A = 1110 B = 0100 add_sub = 1 || cout = 1 S = 0011 overflow = 0
time = 1458.0 ns A = 1110 B = 0101 add_sub = 1 || cout = 1 S = 0100 overflow = 0
time = 1461.0 ns A = 1110 B = 0110 add_sub = 1 || cout = 1 S = 0101 overflow = 0
time = 1464.0 ns A = 1110 B = 0111 add_sub = 1 || cout = 1 S = 0110 overflow = 0
time = 1467.0 ns A = 1110 B = 1000 add_sub = 1 || cout = 1 S = 0111 overflow = 1
time = 1470.0 ns A = 1110 B = 1001 add_sub = 1 || cout = 1 S = 1000 overflow = 0
time = 1473.0 ns A = 1110 B = 1010 add_sub = 1 || cout = 1 S = 1001 overflow = 0
time = 1476.0 ns A = 1110 B = 1011 add_sub = 1 || cout = 1 S = 1010 overflow = 0
time = 1479.0 ns A = 1110 B = 1100 add_sub = 1 || cout = 1 S = 1011 overflow = 0
time = 1482.0 ns A = 1110 B = 1101 add_sub = 1 || cout = 1 S = 1100 overflow = 0
time = 1485.0 ns A = 1110 B = 1110 add_sub = 1 || cout = 1 S = 1101 overflow = 0
time = 1488.0 ns A = 1110 B = 1111 add_sub = 1 || cout = 1 S = 1110 overflow = 0
time = 1491.0 ns A = 1111 B = 0000 add_sub = 1 || cout = 1 S = 0000 overflow = 0
time = 1494.0 ns A = 1111 B = 0001 add_sub = 1 || cout = 1 S = 0001 overflow = 0
time = 1497.0 ns A = 1111 B = 0010 add_sub = 1 || cout = 1 S = 0010 overflow = 0
time = 1500.0 ns A = 1111 B = 0011 add_sub = 1 || cout = 1 S = 0011 overflow = 0
time = 1503.0 ns A = 1111 B = 0100 add_sub = 1 || cout = 1 S = 0100 overflow = 0
time = 1506.0 ns A = 1111 B = 0101 add_sub = 1 || cout = 1 S = 0101 overflow = 0
time = 1509.0 ns A = 1111 B = 0110 add_sub = 1 || cout = 1 S = 0110 overflow = 0
time = 1512.0 ns A = 1111 B = 0111 add_sub = 1 || cout = 1 S = 0111 overflow = 0
time = 1515.0 ns A = 1111 B = 1000 add_sub = 1 || cout = 1 S = 1000 overflow = 0
time = 1518.0 ns A = 1111 B = 1001 add_sub = 1 || cout = 1 S = 1001 overflow = 0
time = 1521.0 ns A = 1111 B = 1010 add_sub = 1 || cout = 1 S = 1010 overflow = 0
time = 1524.0 ns A = 1111 B = 1011 add_sub = 1 || cout = 1 S = 1011 overflow = 0
time = 1527.0 ns A = 1111 B = 1100 add_sub = 1 || cout = 1 S = 1100 overflow = 0
time = 1530.0 ns A = 1111 B = 1101 add_sub = 1 || cout = 1 S = 1101 overflow = 0
time = 1533.0 ns A = 1111 B = 1110 add_sub = 1 || cout = 1 S = 1110 overflow = 0
time = 1536.0 ns A = 1111 B = 1111 add_sub = 1 || cout = 1 S = 1111 overflow = 0
$finish called at time : 1536 ns : File "C:/Users/JoseFraireJr/4BitAdderSubtractor/4BitAdderSubtractor.srcs/sim_1/new/add_sub4b_tb.v" Line 46
